<?xml version="1.0" encoding="UTF-8"?>
<!-- Generated by org.testng.reporters.JUnitXMLReporter -->
<testsuite ignored="0" hostname="Ram" failures="0" tests="1" name="Surefire test" time="0.09" errors="0" timestamp="2025-03-02T13:49:04 IST">
  <testcase classname="testBase.BaseClass" name="@BeforeClass setup" time="-1.740903543993E9">
    <failure type="org.testng.TestNGException" message="
Parameter &amp;apos;os&amp;apos; is required by BeforeClass on method setup but has not been marked @Optional or defined
">
      <![CDATA[org.testng.TestNGException: 
Parameter 'os' is required by BeforeClass on method setup but has not been marked @Optional or defined

at java.base/java.util.ArrayList.forEach(ArrayList.java:1511)
... Removed 27 stack frames]]>
    </failure>
  </testcase> <!-- @BeforeClass setup -->
  <testcase classname="testBase.BaseClass" name="@AfterClass tearDown" time="0.0">
    <skipped/>
  </testcase> <!-- @AfterClass tearDown -->
  <testcase classname="testClass.TC001_AccountRegisterTest" name="Account_registration" time="0.0">
    <skipped/>
  </testcase> <!-- Account_registration -->
</testsuite> <!-- Surefire test -->
