<?xml version="1.0" encoding="UTF-8"?>
<!-- Generated by org.testng.reporters.JUnitXMLReporter -->
<testsuite ignored="0" hostname="Ram" failures="0" tests="2" name="Test" time="0.078" errors="0" timestamp="2025-03-02T13:27:50 IST">
  <testcase classname="testBase.BaseClass" name="@BeforeClass setup" time="-1.740902269854E9">
    <failure type="org.testng.TestNGException" message="
Parameter &amp;apos;os&amp;apos; is required by BeforeClass on method setup but has not been marked @Optional or defined
in C:\Workspace\Selenium workspace folder\OpenCraftV342\groups.xml">
      <![CDATA[org.testng.TestNGException: 
Parameter 'os' is required by BeforeClass on method setup but has not been marked @Optional or defined
in C:\Workspace\Selenium workspace folder\OpenCraftV342\groups.xml
at java.base/java.util.ArrayList.forEach(ArrayList.java:1511)
... Removed 22 stack frames]]>
    </failure>
  </testcase> <!-- @BeforeClass setup -->
  <testcase classname="testClass.TC002_MyAccount_Login" name="@BeforeClass setup" time="-1.740902269866E9">
    <skipped/>
  </testcase> <!-- @BeforeClass setup -->
  <testcase classname="testBase.BaseClass" name="@AfterClass tearDown" time="-1.740902269894E9">
    <skipped/>
  </testcase> <!-- @AfterClass tearDown -->
  <testcase classname="testBase.BaseClass" name="@BeforeClass setup" time="-1.740902269897E9">
    <failure type="org.testng.TestNGException" message="
Parameter &amp;apos;os&amp;apos; is required by BeforeClass on method setup but has not been marked @Optional or defined
in C:\Workspace\Selenium workspace folder\OpenCraftV342\groups.xml">
      <![CDATA[org.testng.TestNGException: 
Parameter 'os' is required by BeforeClass on method setup but has not been marked @Optional or defined
in C:\Workspace\Selenium workspace folder\OpenCraftV342\groups.xml
at java.base/java.util.ArrayList.forEach(ArrayList.java:1511)
... Removed 22 stack frames]]>
    </failure>
  </testcase> <!-- @BeforeClass setup -->
  <testcase classname="testBase.BaseClass" name="@AfterClass tearDown" time="-1.740902269903E9">
    <skipped/>
  </testcase> <!-- @AfterClass tearDown -->
  <testcase classname="testClass.TC002_MyAccount_Login" name="Verify_login" time="0.0">
    <skipped/>
  </testcase> <!-- Verify_login -->
  <testcase classname="testClass.TC001_AccountRegisterTest" name="Account_registration" time="0.0">
    <skipped/>
  </testcase> <!-- Account_registration -->
</testsuite> <!-- Test -->
